! Adams View Adams 2017.2 Student Edition (built Jul 12 2017)
! Graphics:  OpenGL
! Enter a command, '?', or 'help'.
model display model=.Exo_tark_controlled view=all
! >> model display model=.Exo_tark_controlled view=all
! VERIFY MODEL: .Exo_tark_controlled
! 
!    2 Gruebler Count (approximate degrees of freedom)
!    3 Moving Parts (not including ground)
!    2 Revolute Joints
!    1 Fixed Joints
! 
!    2 Degrees of Freedom for .Exo_tark_controlled
! 
! There are no redundant constraint equations.
! 
! 
! Model verified successfully
view manage orient view=iso up_axis=(.MDI.up_axis) forward_axis=(.MDI.forward_axis)
view manage orient view=iso up_axis=(.MDI.up_axis) forward_axis=(.MDI.forward_axis)
view zoom auto=on

!!!!!!!!!!!!!!!!!!!!!!!!!!!!!!!!!!!!!!!!!!!!!!!!!!!!!!!!!!!!!!!!!!!!!!!!!!!!!!!!!!!!!!!!!!
!  SELECT OBJECT
undo begin
default coordinate_system default_coordinate_system=.Exo_tark_controlled
undo end
!!!!!!!!!!!!!!!!!!!!!!!!!!!!!!!!!!!!!!!!!!!!!!!!!!!!!!!!!!!!!!!!!!!!!!!!!!!!!!!!!!!!!!!!!!


!!!!!!!!!!!!!!!!!!!!!!!!!!!!!!!!!!!!!!!!!!!!!!!!!!!!!!!!!!!!!!!!!!!!!!!!!!!!!!!!!!!!!!!!!!
!  SELECT OBJECT
undo begin
undo end
!!!!!!!!!!!!!!!!!!!!!!!!!!!!!!!!!!!!!!!!!!!!!!!!!!!!!!!!!!!!!!!!!!!!!!!!!!!!!!!!!!!!!!!!!!

interface dialog undisplay dialog=.gui.mea_object_panel
interface dialog undisplay dialog=.gui.mea_object_panel

!!!!!!!!!!!!!!!!!!!!!!!!!!!!!!!!!!!!!!!!!!!!!!!!!!!!!!!!!!!!!!!!!!!!!!!!!!!!!!!!!!!!!!!!!!
!  SELECT OBJECT
undo begin
undo end
!!!!!!!!!!!!!!!!!!!!!!!!!!!!!!!!!!!!!!!!!!!!!!!!!!!!!!!!!!!!!!!!!!!!!!!!!!!!!!!!!!!!!!!!!!

interface dialog undisplay dialog=.gui.adams_variable_cremod
interface dialog undisplay dialog=.gui.adams_variable_cremod
interface dialog undisplay dialog=.gui.adams_variable_cremod

!!!!!!!!!!!!!!!!!!!!!!!!!!!!!!!!!!!!!!!!!!!!!!!!!!!!!!!!!!!!!!!!!!!!!!!!!!!!!!!!!!!!!!!!!!
!  SELECT OBJECT
undo begin
group modify group=SELECT_LIST object=.Exo_tark_controlled.bodyframe
undo end
!!!!!!!!!!!!!!!!!!!!!!!!!!!!!!!!!!!!!!!!!!!!!!!!!!!!!!!!!!!!!!!!!!!!!!!!!!!!!!!!!!!!!!!!!!


!!!!!!!!!!!!!!!!!!!!!!!!!!!!!!!!!!!!!!!!!!!!!!!!!!!!!!!!!!!!!!!!!!!!!!!!!!!!!!!!!!!!!!!!!!
!  MODIFY OBJECT
undo begin
mdi modify_macro
undo end
!!!!!!!!!!!!!!!!!!!!!!!!!!!!!!!!!!!!!!!!!!!!!!!!!!!!!!!!!!!!!!!!!!!!!!!!!!!!!!!!!!!!!!!!!!

interface dialog undisplay dialog=.gui.part_cremod
